Using pre-set license
Built from '2021.1/staging' branch; Version is '2021.1.3f1 (4bef613afd59) revision 4976481'; Using compiler version '192528614'; Build Type 'Release'
OS: 'Windows 10 Enterprise; OS build 19042.928; Version 2009; 64bit' Language: 'en' Physical Memory: 16259 MB
BatchMode: 1, IsHumanControllingUs: 0, StartBugReporterOnCrash: 0, Is64bit: 1, IsPro: 0

 COMMAND LINE ARGUMENTS:
D:\Program Files\Unity\2021.1.3f1\Editor\Unity.exe
-adb2
-batchMode
-noUpm
-name
AssetImportWorker0
-projectPath
D:/Source/Unity/ArDemo
-logFile
Logs/AssetImportWorker0.log
-srvPort
58089
Successfully changed project path to: D:/Source/Unity/ArDemo
D:/Source/Unity/ArDemo
Using Asset Import Pipeline V2.
Refreshing native plugins compatible for Editor in 45.78 ms, found 1 plugins.
Preloading 0 native plugins for Editor in 0.00 ms.
Initialize engine version: 2021.1.3f1 (4bef613afd59)
[Subsystems] Discovering subsystems at path D:/Program Files/Unity/2021.1.3f1/Editor/Data/Resources/UnitySubsystems
[Subsystems] Discovering subsystems at path D:/Source/Unity/ArDemo/Assets
GfxDevice: creating device client; threaded=0; jobified=0
Direct3D:
    Version:  Direct3D 11.0 [level 11.1]
    Renderer: Intel(R) HD Graphics 620 (ID=0x5916)
    Vendor:   Intel
    VRAM:     8129 MB
    Driver:   27.20.100.8854
Initialize mono
Mono path[0] = 'D:/Program Files/Unity/2021.1.3f1/Editor/Data/Managed'
Mono path[1] = 'D:/Program Files/Unity/2021.1.3f1/Editor/Data/MonoBleedingEdge/lib/mono/unityjit'
Mono config path = 'D:/Program Files/Unity/2021.1.3f1/Editor/Data/MonoBleedingEdge/etc'
Using monoOptions --debugger-agent=transport=dt_socket,embedding=1,server=y,suspend=n,address=127.0.0.1:56856
Begin MonoManager ReloadAssembly
Registering precompiled unity dll's ...
Register platform support module: D:/Program Files/Unity/2021.1.3f1/Editor/Data/PlaybackEngines/WindowsStandaloneSupport/UnityEditor.WindowsStandalone.Extensions.dll
Registered in 0.001847 seconds.
Native extension for WindowsStandalone target not found
Refreshing native plugins compatible for Editor in 42.39 ms, found 1 plugins.
Preloading 0 native plugins for Editor in 0.00 ms.
Mono: successfully reloaded assembly
- Completed reload, in  1.881 seconds
Platform modules already initialized, skipping
Registering precompiled user dll's ...
Registered in 0.001400 seconds.
Begin MonoManager ReloadAssembly
Native extension for WindowsStandalone target not found
Refreshing native plugins compatible for Editor in 0.42 ms, found 1 plugins.
Preloading 0 native plugins for Editor in 0.00 ms.
Mono: successfully reloaded assembly
- Completed reload, in  1.254 seconds
Platform modules already initialized, skipping
========================================================================
Worker process is ready to serve import requests
Launched and connected shader compiler UnityShaderCompiler.exe after 0.06 seconds
Refreshing native plugins compatible for Editor in 0.44 ms, found 1 plugins.
Preloading 0 native plugins for Editor in 0.00 ms.
Unloading 1674 Unused Serialized files (Serialized files now loaded: 0)
System memory in use before: 76.8 MB.
System memory in use after: 76.9 MB.

Unloading 13 unused Assets to reduce memory usage. Loaded Objects now: 2134.
Total: 2.954200 ms (FindLiveObjects: 0.246700 ms CreateObjectMapping: 0.136900 ms MarkObjects: 2.488300 ms  DeleteObjects: 0.079100 ms)

========================================================================
Received Import Request.
  path: Packages/com.kyrylokuzyk.arfoundationremote
  artifactKey: Guid(3d4bb32b35fe9a140e478ca4726af934) Importer(815301076,1909f56bfc062723c751e8b465ee728b)
Start importing Packages/com.kyrylokuzyk.arfoundationremote using Guid(3d4bb32b35fe9a140e478ca4726af934) Importer(815301076,1909f56bfc062723c751e8b465ee728b)  -> (artifact id: 'a585748994a8641a61ba8c338e90f66c') in 0.011165 seconds 
========================================================================
Received Import Request.
  Time since last request: 0.000297 seconds.
  path: Packages/com.kyrylokuzyk.arfoundationremote/package.json
  artifactKey: Guid(2cf53ebad9d5e413bb70d067974ae93d) Importer(815301076,1909f56bfc062723c751e8b465ee728b)
Start importing Packages/com.kyrylokuzyk.arfoundationremote/package.json using Guid(2cf53ebad9d5e413bb70d067974ae93d) Importer(815301076,1909f56bfc062723c751e8b465ee728b)  -> (artifact id: '42a4d19d351f063045e76445233b9119') in 0.063079 seconds 
========================================================================
Received Import Request.
  Time since last request: 21.677739 seconds.
  path: Packages/com.kyrylokuzyk.arfoundationremote/RuntimeEditor
  artifactKey: Guid(0a87ba55848f34e0590cd1a30e7c9e13) Importer(815301076,1909f56bfc062723c751e8b465ee728b)
Start importing Packages/com.kyrylokuzyk.arfoundationremote/RuntimeEditor using Guid(0a87ba55848f34e0590cd1a30e7c9e13) Importer(815301076,1909f56bfc062723c751e8b465ee728b)  -> (artifact id: '3388b0a83d6246e531c0799e8eac77d8') in 0.021256 seconds 
========================================================================
Received Import Request.
  Time since last request: 200.424227 seconds.
  path: Packages/com.kyrylokuzyk.arfoundationremote/Runtime
  artifactKey: Guid(256f29443d7884407baed8762abbcdd2) Importer(815301076,1909f56bfc062723c751e8b465ee728b)
Start importing Packages/com.kyrylokuzyk.arfoundationremote/Runtime using Guid(256f29443d7884407baed8762abbcdd2) Importer(815301076,1909f56bfc062723c751e8b465ee728b)  -> (artifact id: '5d994a804b2ff9261e6ad37c3f646268') in 0.024047 seconds 
========================================================================
Received Import Request.
  Time since last request: 96.044617 seconds.
  path: Assets/Plugins/ARFoundationRemoteInstaller
  artifactKey: Guid(5c669ccc23d2a7e4cb2cf8771f78071e) Importer(815301076,1909f56bfc062723c751e8b465ee728b)
Start importing Assets/Plugins/ARFoundationRemoteInstaller using Guid(5c669ccc23d2a7e4cb2cf8771f78071e) Importer(815301076,1909f56bfc062723c751e8b465ee728b)  -> (artifact id: '116102099198d5374158540ccea2fd72') in 0.020161 seconds 
========================================================================
Received Import Request.
  Time since last request: 1.129098 seconds.
  path: Assets/Plugins/ARFoundationRemoteInstaller/Documentation.txt
  artifactKey: Guid(900e9b83e4aa7408786ec87a3a2ebf76) Importer(815301076,1909f56bfc062723c751e8b465ee728b)
Start importing Assets/Plugins/ARFoundationRemoteInstaller/Documentation.txt using Guid(900e9b83e4aa7408786ec87a3a2ebf76) Importer(815301076,1909f56bfc062723c751e8b465ee728b)  -> (artifact id: 'a9e05c95db3ff4c9446c7707831138dc') in 0.019497 seconds 
========================================================================
Received Import Request.
  Time since last request: 107.653237 seconds.
  path: Assets/Plugins/ARFoundationRemoteInstaller/Installer.asset
  artifactKey: Guid(2dbb184b6bc474aadb1f2d958aeb24d9) Importer(815301076,1909f56bfc062723c751e8b465ee728b)
Start importing Assets/Plugins/ARFoundationRemoteInstaller/Installer.asset using Guid(2dbb184b6bc474aadb1f2d958aeb24d9) Importer(815301076,1909f56bfc062723c751e8b465ee728b)  -> (artifact id: '9806399cb55432f74b86e0a0762c857c') in 0.019947 seconds 
========================================================================
Received Prepare
Refreshing native plugins compatible for Editor in 1.15 ms, found 1 plugins.
Preloading 0 native plugins for Editor in 0.00 ms.
Unloading 3 Unused Serialized files (Serialized files now loaded: 0)
System memory in use before: 42.7 MB.
System memory in use after: 42.8 MB.

Unloading 2 unused Assets to reduce memory usage. Loaded Objects now: 2135.
Total: 6.439100 ms (FindLiveObjects: 0.704100 ms CreateObjectMapping: 0.304100 ms MarkObjects: 5.396000 ms  DeleteObjects: 0.022700 ms)

========================================================================
Received Prepare
Registering precompiled user dll's ...
Registered in 0.001565 seconds.
Begin MonoManager ReloadAssembly
Native extension for WindowsStandalone target not found
Refreshing native plugins compatible for Editor in 0.45 ms, found 1 plugins.
Preloading 0 native plugins for Editor in 0.00 ms.
[ScriptCompilation] NOT recompiling all scripts because this is an import worker process. Reason to compile was: Define symbols changed
Mono: successfully reloaded assembly
- Completed reload, in  1.921 seconds
Platform modules already initialized, skipping
Switching build target platform(19) subTarget(0) extendedPlatform(0) -> platform(13) subTarget(524288) extendedPlatform(0)
Refreshing native plugins compatible for Editor in 0.42 ms, found 1 plugins.
Preloading 0 native plugins for Editor in 0.00 ms.
Unloading 1654 Unused Serialized files (Serialized files now loaded: 0)
System memory in use before: 75.5 MB.
System memory in use after: 75.6 MB.

Unloading 6 unused Assets to reduce memory usage. Loaded Objects now: 2140.
Total: 3.484600 ms (FindLiveObjects: 0.329300 ms CreateObjectMapping: 0.166600 ms MarkObjects: 2.964600 ms  DeleteObjects: 0.022300 ms)

AssetImportParameters requested are different than current active one (requested -> active):
  custom:graphics/normal-map-encoding: 01000000000000000000000000000000 -> 02000000000000000000000000000000
========================================================================
Received Import Request.
  Time since last request: 309.043884 seconds.
  path: Assets/Plugins/ARFoundationRemoteInstaller/Resources/Settings.asset
  artifactKey: Guid(d64a722fd147d4f188b2742c04f8b550) Importer(815301076,1909f56bfc062723c751e8b465ee728b)
Start importing Assets/Plugins/ARFoundationRemoteInstaller/Resources/Settings.asset using Guid(d64a722fd147d4f188b2742c04f8b550) Importer(815301076,1909f56bfc062723c751e8b465ee728b)  -> (artifact id: '517f35e73d1513ab3630350045bcb8b9') in 0.026372 seconds 
========================================================================
Received Prepare
Refreshing native plugins compatible for Editor in 1.64 ms, found 1 plugins.
Preloading 0 native plugins for Editor in 0.00 ms.
Unloading 2 Unused Serialized files (Serialized files now loaded: 0)
System memory in use before: 42.5 MB.
System memory in use after: 42.7 MB.

Unloading 2 unused Assets to reduce memory usage. Loaded Objects now: 2140.
Total: 4.914300 ms (FindLiveObjects: 0.443700 ms CreateObjectMapping: 0.128200 ms MarkObjects: 4.316800 ms  DeleteObjects: 0.023300 ms)

========================================================================
Received Prepare
Registering precompiled user dll's ...
Registered in 0.001878 seconds.
Begin MonoManager ReloadAssembly
Native extension for WindowsStandalone target not found
Refreshing native plugins compatible for Editor in 0.63 ms, found 1 plugins.
Preloading 0 native plugins for Editor in 0.00 ms.
[ScriptCompilation] NOT recompiling all scripts because this is an import worker process. Reason to compile was: Define symbols changed
Mono: successfully reloaded assembly
- Completed reload, in  2.683 seconds
Platform modules already initialized, skipping
Switching build target platform(19) subTarget(0) extendedPlatform(0) -> platform(13) subTarget(524288) extendedPlatform(0)
Refreshing native plugins compatible for Editor in 1.31 ms, found 1 plugins.
Preloading 0 native plugins for Editor in 0.00 ms.
Unloading 1654 Unused Serialized files (Serialized files now loaded: 0)
System memory in use before: 75.5 MB.
System memory in use after: 75.6 MB.

Unloading 6 unused Assets to reduce memory usage. Loaded Objects now: 2145.
Total: 2.615600 ms (FindLiveObjects: 0.221800 ms CreateObjectMapping: 0.088100 ms MarkObjects: 2.267200 ms  DeleteObjects: 0.036900 ms)

AssetImportParameters requested are different than current active one (requested -> active):
  custom:graphics/normal-map-encoding: 01000000000000000000000000000000 -> 02000000000000000000000000000000
========================================================================
Received Prepare
Refreshing native plugins compatible for Editor in 1.66 ms, found 1 plugins.
Preloading 0 native plugins for Editor in 0.00 ms.
Unloading 2 Unused Serialized files (Serialized files now loaded: 0)
System memory in use before: 42.5 MB.
System memory in use after: 42.6 MB.

Unloading 2 unused Assets to reduce memory usage. Loaded Objects now: 2145.
Total: 2.668900 ms (FindLiveObjects: 0.223800 ms CreateObjectMapping: 0.141100 ms MarkObjects: 2.284100 ms  DeleteObjects: 0.018100 ms)

========================================================================
Received Prepare
Registering precompiled user dll's ...
Registered in 0.002248 seconds.
Begin MonoManager ReloadAssembly
Native extension for WindowsStandalone target not found
Refreshing native plugins compatible for Editor in 0.58 ms, found 1 plugins.
Preloading 0 native plugins for Editor in 0.00 ms.
Mono: successfully reloaded assembly
- Completed reload, in  1.753 seconds
Platform modules already initialized, skipping
Switching build target platform(19) subTarget(0) extendedPlatform(0) -> platform(13) subTarget(524288) extendedPlatform(0)
Refreshing native plugins compatible for Editor in 0.84 ms, found 1 plugins.
Preloading 0 native plugins for Editor in 0.00 ms.
Unloading 1654 Unused Serialized files (Serialized files now loaded: 0)
System memory in use before: 75.5 MB.
System memory in use after: 75.6 MB.

Unloading 6 unused Assets to reduce memory usage. Loaded Objects now: 2150.
Total: 3.650100 ms (FindLiveObjects: 0.216000 ms CreateObjectMapping: 0.106400 ms MarkObjects: 3.302300 ms  DeleteObjects: 0.022700 ms)

AssetImportParameters requested are different than current active one (requested -> active):
  custom:graphics/normal-map-encoding: 01000000000000000000000000000000 -> 02000000000000000000000000000000
AssetImportWorkerClient::OnTransportError - code=2 error=End of file
